<?xml version="1.0" encoding="UTF-8"?>
<!-- Generated by org.testng.reporters.JUnitXMLReporter -->
<testsuite ignored="0" hostname="DESKTOP-IRUI47D" failures="0" tests="7" name="combined1" time="20.282" errors="0" timestamp="2024-01-18T16:03:28 IST">
  <testcase classname="Mobiles.vivo" name="startVivo" time="8.629"/>
  <testcase classname="Mobiles.iphone" name="UpdateIphone" time="0.004"/>
  <testcase classname="Mobiles.iphone" name="startIphone" time="4.39"/>
  <testcase classname="Mobiles.Redmi" name="redmistart" time="3.359"/>
  <testcase classname="Mobiles.iphone" name="endIphone" time="0.021"/>
  <testcase classname="Mobiles.Moto" name="StartandStop" time="3.652"/>
  <testcase classname="Mobiles.Moto" name="setup" time="0.008"/>
</testsuite> <!-- combined1 -->
