<?xml version="1.0" encoding="UTF-8"?>
<!-- Generated by org.testng.reporters.JUnitXMLReporter -->
<testsuite ignored="4" hostname="DESKTOP-IRUI47D" failures="0" tests="2" name="Test" time="2.23" errors="0" timestamp="2024-01-21T10:47:41 IST">
  <testcase classname="Laptops.Asus" name="UpdateAsus" time="0.017"/>
  <testcase classname="Laptops.Samsung" name="SamsungLaptop" time="2.143"/>
  <testcase classname="Laptops.Hplaptop" name="Update" time="0.0">
    <ignored/>
  </testcase> <!-- Update -->
  <testcase classname="Laptops.Asus" name="AsusLaptop" time="0.0">
    <ignored/>
  </testcase> <!-- AsusLaptop -->
  <testcase classname="Laptops.Samsung" name="SamSungUpdate" time="0.0">
    <ignored/>
  </testcase> <!-- SamSungUpdate -->
  <testcase classname="Laptops.Hplaptop" name="Hp" time="0.0">
    <ignored/>
  </testcase> <!-- Hp -->
</testsuite> <!-- Test -->
