<?xml version="1.0" encoding="UTF-8"?>
<!-- Generated by org.testng.reporters.JUnitXMLReporter -->
<testsuite ignored="0" hostname="DESKTOP-IRUI47D" failures="1" tests="1" name="marks" time="0.019" errors="0" timestamp="2024-01-22T13:18:04 IST">
  <testcase classname="Cross_Browser_Testing.marks" name="markes" time="0.0">
    <failure type="org.testng.TestNGException" message="
Conversion issue on parameter: markes">
      <![CDATA[org.testng.TestNGException: 
Conversion issue on parameter: markes
at java.base/java.util.ArrayList.forEach(ArrayList.java:1511)
Caused by: java.lang.NumberFormatException: For input string: "96%"
at java.base/jdk.internal.math.FloatingDecimal.readJavaFormatString(FloatingDecimal.java:2054)
at java.base/jdk.internal.math.FloatingDecimal.parseDouble(FloatingDecimal.java:110)
at java.base/java.lang.Double.parseDouble(Double.java:651)
at java.base/java.lang.Double.valueOf(Double.java:614)
... 27 more
... Removed 28 stack frames]]>
    </failure>
  </testcase> <!-- markes -->
</testsuite> <!-- marks -->
