<?xml version="1.0" encoding="UTF-8"?>
<!-- Generated by org.testng.reporters.JUnitXMLReporter -->
<testsuite ignored="0" hostname="DESKTOP-IRUI47D" failures="0" tests="2" name="Test1" time="22.543" errors="0" timestamp="2024-01-22T11:31:56 IST">
  <testcase classname="Cross_Browser_Testing.TestingLoginFunctionalityOn_EdgeAndChrome" name="EdgeBrowser" time="15.958"/>
  <testcase classname="Cross_Browser_Testing.TestingLoginFunctionalityOn_EdgeAndChrome" name="chromeBrowser" time="6.493"/>
</testsuite> <!-- Test1 -->
