<?xml version="1.0" encoding="UTF-8"?>
<!-- Generated by org.testng.reporters.JUnitXMLReporter -->
<testsuite ignored="0" hostname="DESKTOP-IRUI47D" failures="0" tests="5" name="Default test(failed)" time="33.733" errors="0" timestamp="2024-01-23T11:43:05 IST">
  <testcase classname="DataProvider.UserRegistrationInDemoWebShop_byUsing2DimensionalArray" name="read" time="7.31"/>
  <testcase classname="DataProvider.UserRegistrationInDemoWebShop_byUsing2DimensionalArray" name="read" time="6.566"/>
  <testcase classname="DataProvider.UserRegistrationInDemoWebShop_byUsing2DimensionalArray" name="read" time="6.702"/>
  <testcase classname="DataProvider.UserRegistrationInDemoWebShop_byUsing2DimensionalArray" name="read" time="6.481"/>
  <testcase classname="DataProvider.UserRegistrationInDemoWebShop_byUsing2DimensionalArray" name="read" time="6.572"/>
</testsuite> <!-- Default test(failed) -->
