<?xml version="1.0" encoding="UTF-8"?>
<!-- Generated by org.testng.reporters.JUnitXMLReporter -->
<testsuite ignored="0" hostname="DESKTOP-IRUI47D" failures="0" tests="7" name="Combined1" time="79.914" errors="0" timestamp="2024-01-18T18:12:58 IST">
  <testcase classname="Mobiles.vivo" name="startVivo" time="33.303"/>
  <testcase classname="Mobiles.iphone" name="UpdateIphone" time="0.003"/>
  <testcase classname="Mobiles.iphone" name="startIphone" time="5.721"/>
  <testcase classname="Mobiles.Redmi" name="redmistart" time="9.022"/>
  <testcase classname="Mobiles.iphone" name="endIphone" time="0.001"/>
  <testcase classname="Mobiles.Moto" name="StartandStop" time="31.756"/>
  <testcase classname="Mobiles.Moto" name="setup" time="0.002"/>
</testsuite> <!-- Combined1 -->
