<?xml version="1.0" encoding="UTF-8"?>
<!-- Generated by org.testng.reporters.JUnitXMLReporter -->
<testsuite ignored="0" hostname="DESKTOP-IRUI47D" failures="0" tests="10" name="Test" time="98.057" errors="0" timestamp="2024-01-18T17:59:32 IST">
  <testcase classname="Mobiles.iphone" name="UpdateIphone" time="0.022"/>
  <testcase classname="Mobiles.vivo" name="startVivo" time="23.283"/>
  <testcase classname="Mobiles.iphone" name="startIphone" time="23.802"/>
  <testcase classname="Mobiles.iphone" name="endIphone" time="0.015"/>
  <testcase classname="Bikes.Suzuki" name="suzuki" time="41.084"/>
  <testcase classname="Bikes.Hero" name="hero" time="41.883"/>
  <testcase classname="Bikes.Yamaha" name="yamaha" time="42.087"/>
  <testcase classname="Mobiles.Redmi" name="redmistart" time="42.981"/>
  <testcase classname="Mobiles.Moto" name="StartandStop" time="31.686"/>
  <testcase classname="Mobiles.Moto" name="setup" time="0.002"/>
</testsuite> <!-- Test -->
