<?xml version="1.0" encoding="UTF-8"?>
<!-- Generated by org.testng.reporters.JUnitXMLReporter -->
<testsuite ignored="0" hostname="DESKTOP-IRUI47D" failures="0" tests="6" name="Test2" time="37.78" errors="0" timestamp="2024-01-18T16:41:47 IST">
  <testcase classname="Mobiles.iphone" name="UpdateIphone" time="0.012"/>
  <testcase classname="Mobiles.iphone" name="startIphone" time="12.883"/>
  <testcase classname="Mobiles.Redmi" name="redmistart" time="14.085"/>
  <testcase classname="Mobiles.iphone" name="endIphone" time="0.003"/>
  <testcase classname="Mobiles.Moto" name="StartandStop" time="10.625"/>
  <testcase classname="Mobiles.Moto" name="setup" time="0.005"/>
</testsuite> <!-- Test2 -->
