<?xml version="1.0" encoding="UTF-8"?>
<!-- Generated by org.testng.reporters.JUnitXMLReporter -->
<testsuite ignored="3" hostname="DESKTOP-IRUI47D" failures="0" tests="4" name="Smoke" time="49.231" errors="0" timestamp="2024-01-18T17:37:43 IST">
  <testcase classname="Mobiles.vivo" name="startVivo" time="33.137"/>
  <testcase classname="Mobiles.Redmi" name="redmistart" time="12.66"/>
  <testcase classname="Mobiles.iphone" name="UpdateIphone" time="0.006"/>
  <testcase classname="Mobiles.iphone" name="startIphone" time="3.252"/>
  <testcase classname="Mobiles.Moto" name="setup" time="0.0">
    <ignored/>
  </testcase> <!-- setup -->
  <testcase classname="Mobiles.Moto" name="StartandStop" time="0.0">
    <ignored/>
  </testcase> <!-- StartandStop -->
  <testcase classname="Mobiles.iphone" name="endIphone" time="0.0">
    <ignored/>
  </testcase> <!-- endIphone -->
</testsuite> <!-- Smoke -->
