<?xml version="1.0" encoding="UTF-8"?>
<!-- Generated by org.testng.reporters.JUnitXMLReporter -->
<testsuite ignored="4" hostname="DESKTOP-IRUI47D" failures="0" tests="3" name="Test" time="17.727" errors="0" timestamp="2024-01-18T15:09:53 IST">
  <testcase classname="Mobiles.vivo" name="startVivo" time="6.888"/>
  <testcase classname="Mobiles.iphone" name="startIphone" time="4.219"/>
  <testcase classname="Mobiles.Redmi" name="redmistart" time="6.476"/>
  <testcase classname="Mobiles.iphone" name="endIphone" time="0.0">
    <ignored/>
  </testcase> <!-- endIphone -->
  <testcase classname="Mobiles.Moto" name="setup" time="0.0">
    <ignored/>
  </testcase> <!-- setup -->
  <testcase classname="Mobiles.iphone" name="UpdateIphone" time="0.0">
    <ignored/>
  </testcase> <!-- UpdateIphone -->
  <testcase classname="Mobiles.Moto" name="StartandStop" time="0.0">
    <ignored/>
  </testcase> <!-- StartandStop -->
</testsuite> <!-- Test -->
