<?xml version="1.0" encoding="UTF-8"?>
<!-- Generated by org.testng.reporters.JUnitXMLReporter -->
<testsuite ignored="0" hostname="DESKTOP-IRUI47D" failures="0" tests="10" name="Combined" time="43.488" errors="0" timestamp="2024-01-18T16:00:21 IST">
  <testcase classname="Bikes.Hero" name="hero" time="10.737"/>
  <testcase classname="Bikes.Yamaha" name="yamaha" time="4.867"/>
  <testcase classname="Mobiles.vivo" name="startVivo" time="4.353"/>
  <testcase classname="Mobiles.iphone" name="UpdateIphone" time="0.005"/>
  <testcase classname="Mobiles.iphone" name="startIphone" time="3.902"/>
  <testcase classname="Mobiles.Redmi" name="redmistart" time="9.3"/>
  <testcase classname="Mobiles.iphone" name="endIphone" time="0.001"/>
  <testcase classname="Mobiles.Moto" name="StartandStop" time="5.29"/>
  <testcase classname="Bikes.Suzuki" name="suzuki" time="4.862"/>
  <testcase classname="Mobiles.Moto" name="setup" time="0.002"/>
</testsuite> <!-- Combined -->
