<?xml version="1.0" encoding="UTF-8"?>
<!-- Generated by org.testng.reporters.JUnitXMLReporter -->
<testsuite ignored="0" hostname="DESKTOP-IRUI47D" failures="0" tests="6" name="Combined1" time="0.152" errors="0" timestamp="2024-01-21T10:19:39 IST">
  <testcase classname="Laptops.Asus" name="AsusLaptop" time="0.015"/>
  <testcase classname="Laptops.Asus" name="UpdateAsus" time="0.004"/>
  <testcase classname="Laptops.Hplaptop" name="Hp" time="0.002"/>
  <testcase classname="Laptops.Hplaptop" name="Update" time="0.003"/>
  <testcase classname="Laptops.Samsung" name="SamSungUpdate" time="0.003"/>
  <testcase classname="Laptops.Samsung" name="SamsungLaptop" time="0.01"/>
</testsuite> <!-- Combined1 -->
