<?xml version="1.0" encoding="UTF-8"?>
<!-- Generated by org.testng.reporters.JUnitXMLReporter -->
<testsuite ignored="0" hostname="DESKTOP-IRUI47D" failures="0" tests="6" name="Test" time="0.206" errors="0" timestamp="2024-01-21T10:17:15 IST">
  <testcase classname="Laptops.Asus" name="AsusLaptop" time="0.018"/>
  <testcase classname="Laptops.Samsung" name="SamSungUpdate" time="0.022"/>
  <testcase classname="Laptops.Samsung" name="SamsungLaptop" time="0.012"/>
  <testcase classname="Laptops.Hplaptop" name="Hp" time="0.067"/>
  <testcase classname="Laptops.Hplaptop" name="Update" time="0.007"/>
  <testcase classname="Laptops.Asus" name="UpdateAsus" time="0.042"/>
</testsuite> <!-- Test -->
